#
# A fatal error has been detected by the Java Runtime Environment:
#
#  SIGSEGV (0xb) at pc=0x00000001098f4720, pid=1820, tid=6147
#
# JRE version: OpenJDK Runtime Environment Zulu15.29+15-CA (15.0.2+7) (build 15.0.2+7)
# Java VM: OpenJDK 64-Bit Server VM Zulu15.29+15-CA (15.0.2+7, mixed mode, tiered, compressed oops, g1 gc, bsd-aarch64)
# Problematic frame:
# V  [libjvm.dylib+0x8f4720]  Unsafe_PutLong(JNIEnv_*, _jobject*, _jobject*, long, long)+0x108
#
# No core dump will be written. Core dumps have been disabled. To enable core dumping, try "ulimit -c unlimited" before starting Java again
#
# If you would like to submit a bug report, please visit:
#   http://www.azulsystems.com/support/
#

---------------  S U M M A R Y ------------

Command Line: -Dvisualvm.id=3107144556708 -javaagent:/Applications/IntelliJ IDEA CE.app/Contents/lib/idea_rt.jar=50123:/Applications/IntelliJ IDEA CE.app/Contents/bin -Dfile.encoding=UTF-8 HelloWorld

Host: MacBookPro17,1 arm64 1 MHz, 8 cores, 8G, Darwin 20.3.0
Time: Tue Mar  9 21:55:23 2021 CET elapsed time: 0.197285 seconds (0d 0h 0m 0s)

---------------  T H R E A D  ---------------

Current thread (0x000000012a008a00):  JavaThread "main" [_thread_in_vm, id=6147, stack(0x000000016b4fc000,0x000000016b6ff000)]

Stack: [0x000000016b4fc000,0x000000016b6ff000],  sp=0x000000016b6fdde0,  free space=2055k
Native frames: (J=compiled Java code, A=aot compiled Java code, j=interpreted, Vv=VM code, C=native code)
V  [libjvm.dylib+0x8f4720]  Unsafe_PutLong(JNIEnv_*, _jobject*, _jobject*, long, long)+0x108
j  jdk.internal.misc.Unsafe.putLong(Ljava/lang/Object;JJ)V+0 java.base@15.0.2
j  sun.misc.Unsafe.putLong(Ljava/lang/Object;JJ)V+7 jdk.unsupported@15.0.2
j  org.lwjgl.system.MemoryUtil.memPutAddress(JJ)V+12
j  org.lwjgl.PointerBuffer.put(IJ)Lorg/lwjgl/PointerBuffer;+19
j  org.lwjgl.PointerBuffer.put(ILorg/lwjgl/system/Pointer;)Lorg/lwjgl/PointerBuffer;+8
j  org.lwjgl.system.APIUtil.apiCreateCIF(ILorg/lwjgl/system/libffi/FFIType;[Lorg/lwjgl/system/libffi/FFIType;)Lorg/lwjgl/system/libffi/FFICIF;+42
j  org.lwjgl.glfw.GLFWErrorCallbackI.<clinit>()V+22
v  ~StubRoutines::call_stub
V  [libjvm.dylib+0x3e20d0]  JavaCalls::call_helper(JavaValue*, methodHandle const&, JavaCallArguments*, Thread*)+0x324
V  [libjvm.dylib+0x3c4868]  InstanceKlass::call_class_initializer(Thread*)+0x1cc
V  [libjvm.dylib+0x3c406c]  InstanceKlass::initialize_impl(Thread*)+0x53c
V  [libjvm.dylib+0x3c456c]  InstanceKlass::initialize_super_interfaces(Thread*)+0x98
V  [libjvm.dylib+0x3c3fac]  InstanceKlass::initialize_impl(Thread*)+0x47c
V  [libjvm.dylib+0x5f17d8]  LinkResolver::resolve_static_call(CallInfo&, LinkInfo const&, bool, Thread*)+0x78
V  [libjvm.dylib+0x5f35f8]  LinkResolver::resolve_invoke(CallInfo&, Handle, constantPoolHandle const&, int, Bytecodes::Code, Thread*)+0xac
V  [libjvm.dylib+0x3dbad0]  InterpreterRuntime::resolve_invoke(JavaThread*, Bytecodes::Code)+0x250
V  [libjvm.dylib+0x3dc0d8]  InterpreterRuntime::resolve_from_cache(JavaThread*, Bytecodes::Code)+0x7c
j  HelloWorld.init()V+3
j  HelloWorld.run()V+15
j  HelloWorld.main([Ljava/lang/String;)V+7
v  ~StubRoutines::call_stub
V  [libjvm.dylib+0x3e20d0]  JavaCalls::call_helper(JavaValue*, methodHandle const&, JavaCallArguments*, Thread*)+0x324
V  [libjvm.dylib+0x440db0]  jni_invoke_static(JNIEnv_*, JavaValue*, _jobject*, JNICallType, _jmethodID*, JNI_ArgumentPusher*, Thread*)+0x108
V  [libjvm.dylib+0x444268]  jni_CallStaticVoidMethod+0x124
C  [libjli.dylib+0x542c]  JavaMain+0x9d4
C  [libjli.dylib+0x7788]  ThreadJavaMain+0xc
C  [libsystem_pthread.dylib+0x706c]  _pthread_start+0x140

Java frames: (J=compiled Java code, j=interpreted, Vv=VM code)
j  jdk.internal.misc.Unsafe.putLong(Ljava/lang/Object;JJ)V+0 java.base@15.0.2
j  sun.misc.Unsafe.putLong(Ljava/lang/Object;JJ)V+7 jdk.unsupported@15.0.2
j  org.lwjgl.system.MemoryUtil.memPutAddress(JJ)V+12
j  org.lwjgl.PointerBuffer.put(IJ)Lorg/lwjgl/PointerBuffer;+19
j  org.lwjgl.PointerBuffer.put(ILorg/lwjgl/system/Pointer;)Lorg/lwjgl/PointerBuffer;+8
j  org.lwjgl.system.APIUtil.apiCreateCIF(ILorg/lwjgl/system/libffi/FFIType;[Lorg/lwjgl/system/libffi/FFIType;)Lorg/lwjgl/system/libffi/FFICIF;+42
j  org.lwjgl.glfw.GLFWErrorCallbackI.<clinit>()V+22
v  ~StubRoutines::call_stub
j  HelloWorld.init()V+3
j  HelloWorld.run()V+15
j  HelloWorld.main([Ljava/lang/String;)V+7
v  ~StubRoutines::call_stub

siginfo: si_signo: 11 (SIGSEGV), si_code: 2 (SEGV_ACCERR), si_addr: 0x0000000000000000

Register to memory mapping:

 x0=0x0000000000000001 is an unknown value
 x1=0x0000000fffffc110 points into unknown readable memory: 0x2010000030300000 | 00 00 30 30 00 00 10 20
 x2=0x0 is NULL
 x3=0x0 is NULL
 x4=0x0000000104ebed90: <offset 0x2ed90> in /private/var/folders/tz/9b3q83yd7yj76_sdhfl4pmj80000gn/T/lwjglbadlogic/3.3.0-build-7/liblwjgl.dylib at 0x0000000104e90000
 x5=0x000000012a008a00 is a thread
 x6=0x0000000084400001 is an unknown value
 x7=0x0000000000000004 is an unknown value
 x8=0x0000000000000001 is an unknown value
 x9=0x0000000000000006 is an unknown value
x10=0x00000001098f4618: _ZL14Unsafe_PutLongP7JNIEnv_P8_jobjectS2_ll+0 in /Users/badlogic/Library/Java/JavaVirtualMachines/azul-15.0.2/Contents/Home/lib/server/libjvm.dylib at 0x0000000109000000
x11=0x0000000000000004 is an unknown value
x12={method} {0x00000001278b7100} 'putLong' '(Ljava/lang/Object;JJ)V' in 'jdk/internal/misc/Unsafe'
x13=0x000000016b6fde90 is pointing into the stack for thread: 0x000000012a008a00
x14=0x000000000000006b is an unknown value
x15=0x3000000000000000 is an unknown value
x16=0x0000000183c16cc4: pthread_jit_write_protect_np+0 in /usr/lib/system/libsystem_pthread.dylib at 0x0000000183c0f000
x17=0x0000000000000101 is an unknown value
x18=0x0000000000000054 is an unknown value
x19=0x000000012a008a00 is a thread
x20=0x0000000104ebed90: <offset 0x2ed90> in /private/var/folders/tz/9b3q83yd7yj76_sdhfl4pmj80000gn/T/lwjglbadlogic/3.3.0-build-7/liblwjgl.dylib at 0x0000000104e90000
x21=0x0 is NULL
x22=0x0 is NULL
x23=0x00000001113f9f40 is at code_begin+0 in an Interpreter codelet
method entry point (kind = zerolocals)  [0x00000001113f9f40, 0x00000001113fa300]  960 bytes
x24=0x000000016b6fded8 is pointing into the stack for thread: 0x000000012a008a00
x25=0x0 is NULL
x26=0x000000012790b918 is pointing into metadata
x27=0x0 is NULL
x28=0x000000012a008a00 is a thread


Registers:
 x0=0x0000000000000001  x1=0x0000000fffffc110  x2=0x0000000000000000  x3=0x0000000000000000
 x4=0x0000000104ebed90  x5=0x000000012a008a00  x6=0x0000000084400001  x7=0x0000000000000004
 x8=0x0000000000000001  x9=0x0000000000000006 x10=0x00000001098f4618 x11=0x0000000000000004
x12=0x00000001278b7100 x13=0x000000016b6fde90 x14=0x000000000000006b x15=0x3000000000000000
x16=0x0000000183c16cc4 x17=0x0000000000000101 x18=0x0000000000000054 x19=0x000000012a008a00
x20=0x0000000104ebed90 x21=0x0000000000000000 x22=0x0000000000000000 x23=0x00000001113f9f40
x24=0x000000016b6fded8 x25=0x0000000000000000 x26=0x000000012790b918 x27=0x0000000000000000
x28=0x000000012a008a00  fp=0x000000016b6fde00  lr=0x00000001098f4684  sp=0x000000016b6fdde0
pc=0x00000001098f4720 cpsr=0x0000000040001000
Top of Stack: (sp=0x000000016b6fdde0)
0x000000016b6fdde0:   0000000000000000 0000000109b05748
0x000000016b6fddf0:   000000016b6fde10 00000001113f8bf0
0x000000016b6fde00:   000000016b6fde90 00000001113fb1f0
0x000000016b6fde10:   0000000127efd948 0000000109acfd81
0x000000016b6fde20:   000000016b6fde98 00000001290b9800
0x000000016b6fde30:   000000016b6fde60 00000001096c07ec
0x000000016b6fde40:   000000016b6fde40 0000000000000000
0x000000016b6fde50:   000000016b6fded8 000000012790b918
0x000000016b6fde60:   0000000747f03b48 0000000000000000
0x000000016b6fde70:   0000000000000000 00000001278b7100
0x000000016b6fde80:   0000000000000000 000000016b6fde90
0x000000016b6fde90:   000000016b6fdf30 00000001113f70dc
0x000000016b6fdea0:   0000000000000000 0000000000000000
0x000000016b6fdeb0:   0000000104ebed90 0000000000000000
0x000000016b6fdec0:   0000000000000000 0000000000000000
0x000000016b6fded0:   0000000000000000 0000000747f0a6e0
0x000000016b6fdee0:   000000016b6fdee0 000000012901cd7f
0x000000016b6fdef0:   000000016b6fdf68 0000000129021650
0x000000016b6fdf00:   00000007477716d0 0000000000000000
0x000000016b6fdf10:   0000000000000000 000000012901cdc8
0x000000016b6fdf20:   000000016b6fdeb0 000000016b6fdf20
0x000000016b6fdf30:   000000016b6fdfc0 00000001113f70dc
0x000000016b6fdf40:   0000000104ebed90 0000000000000000
0x000000016b6fdf50:   0000000000000000 0000000000000000
0x000000016b6fdf60:   0000000000000000 0000000747775f18
0x000000016b6fdf70:   000000016b6fdf70 0000000127efd954
0x000000016b6fdf80:   000000016b6fdfe8 0000000127f03c78
0x000000016b6fdf90:   0000000747837398 0000000000000000
0x000000016b6fdfa0:   0000000000000000 0000000127efd988
0x000000016b6fdfb0:   000000016b6fdf40 000000016b6fdfa0
0x000000016b6fdfc0:   000000016b6fe040 00000001113f70dc
0x000000016b6fdfd0:   0000000104ebed90 0000000000000000 

Instructions: (pc=0x00000001098f4720)
0x00000001098f4620:   a9027bfd 910083fd aa0403f4 aa0303f5
0x00000001098f4630:   aa0203f6 d10ca013 91022008 b8bfc108
0x00000001098f4640:   129bd549 0b090108 7100091f 54000083
0x00000001098f4650:   aa1303e0 97ff3b9c d2800013 52800000
0x00000001098f4660:   94016f9c 910e6268 528000a9 889ffd09
0x00000001098f4670:   d5033bbf f9400268 f9402108 aa1303e0
0x00000001098f4680:   d63f0100 340000a0 91044268 f8bfc108
0x00000001098f4690:   361800c8 1400000a f0001048 d503201f
0x00000001098f46a0:   b949a108 350000c8 b940e268 52800089
0x00000001098f46b0:   72a40009 6a09011f 54000060 aa1303e0
0x00000001098f46c0:   97ff436b 910e6268 528000c9 889ffd09
0x00000001098f46d0:   b4000256 37000196 b0000d08 f9408108
0x00000001098f46e0:   aa1603e0 d63f0100 b4000180 f8356814
0x00000001098f46f0:   f9407e74 f9400a88 f9400109 b50001e9
0x00000001098f4700:   14000011 d10006c0 90000d28 f944e908
0x00000001098f4710:   d63f0100 b5fffec0 52800028 390ef268
0x00000001098f4720:   f90002b4 390ef27f f9407e74 f9400a88
0x00000001098f4730:   f9400109 b4000089 aa1403e0 97ea58c6
0x00000001098f4740:   f9400a88 f9400689 f9000928 f9400e88
0x00000001098f4750:   f9400689 f9000d28 f9401288 f9400689
0x00000001098f4760:   f9001128 910e6274 528000e8 889ffe88
0x00000001098f4770:   d5033bbf 91044268 f8bfc108 36180068
0x00000001098f4780:   aa1303e0 97faa675 52800088 889ffe88
0x00000001098f4790:   52800020 94016f4f a9427bfd a9414ff4
0x00000001098f47a0:   a8c357f6 d65f03c0 d10103ff a90157f6
0x00000001098f47b0:   a9024ff4 a9037bfd 9100c3fd aa0303f4
0x00000001098f47c0:   aa0203f5 d10ca013 91022008 b8bfc108
0x00000001098f47d0:   129bd549 0b090108 7100091f 54000083
0x00000001098f47e0:   aa1303e0 97ff3b38 d2800013 52800000
0x00000001098f47f0:   94016f38 910e6268 528000a9 889ffd09
0x00000001098f4800:   d5033bbf f9400268 f9402108 aa1303e0
0x00000001098f4810:   d63f0100 340000a0 91044268 f8bfc108 


Stack slot to memory mapping:
stack at sp + 0 slots: 0x0 is NULL
stack at sp + 1 slots: 0x0000000109b05748: _ZN19TemplateInterpreter13_active_tableE+0 in /Users/badlogic/Library/Java/JavaVirtualMachines/azul-15.0.2/Contents/Home/lib/server/libjvm.dylib at 0x0000000109000000
stack at sp + 2 slots: 0x000000016b6fde10 is pointing into the stack for thread: 0x000000012a008a00
stack at sp + 3 slots: 0x00000001113f8bf0 is at code_begin+48 in an Interpreter codelet
result handlers for native calls  [0x00000001113f8bc0, 0x00000001113f8c40]  128 bytes
stack at sp + 4 slots: 0x000000016b6fde90 is pointing into the stack for thread: 0x000000012a008a00
stack at sp + 5 slots: 0x00000001113fb1f0 is at code_begin+688 in an Interpreter codelet
method entry point (kind = native)  [0x00000001113faf40, 0x00000001113fb600]  1728 bytes
stack at sp + 6 slots: 0x0000000127efd948 is pointing into metadata
stack at sp + 7 slots: 0x0000000109acfd81: _ZN20ClassLoaderDataGraph14_metaspace_oomE+0 in /Users/badlogic/Library/Java/JavaVirtualMachines/azul-15.0.2/Contents/Home/lib/server/libjvm.dylib at 0x0000000109000000


---------------  P R O C E S S  ---------------

Threads class SMR info:
_java_thread_list=0x0000000139f2ed20, length=11, elements={
0x000000012a008a00, 0x000000012a02ec00, 0x000000012a031400, 0x000000013b81ce00,
0x000000012a031a00, 0x000000012a032000, 0x000000012502be00, 0x000000012502c400,
0x000000013b82d400, 0x000000013a86c400, 0x000000013a86ca00
}

Java Threads: ( => current thread )
=>0x000000012a008a00 JavaThread "main" [_thread_in_vm, id=6147, stack(0x000000016b4fc000,0x000000016b6ff000)]
  0x000000012a02ec00 JavaThread "Reference Handler" daemon [_thread_blocked, id=15363, stack(0x000000016c350000,0x000000016c553000)]
  0x000000012a031400 JavaThread "Finalizer" daemon [_thread_blocked, id=15875, stack(0x000000016c55c000,0x000000016c75f000)]
  0x000000013b81ce00 JavaThread "Signal Dispatcher" daemon [_thread_blocked, id=23043, stack(0x000000016c90c000,0x000000016cb0f000)]
  0x000000012a031a00 JavaThread "Service Thread" daemon [_thread_blocked, id=23555, stack(0x000000016cb18000,0x000000016cd1b000)]
  0x000000012a032000 JavaThread "C2 CompilerThread0" daemon [_thread_blocked, id=42243, stack(0x000000016cd24000,0x000000016cf27000)]
  0x000000012502be00 JavaThread "C1 CompilerThread0" daemon [_thread_blocked, id=41731, stack(0x000000016cf30000,0x000000016d133000)]
  0x000000012502c400 JavaThread "Sweeper thread" daemon [_thread_blocked, id=25347, stack(0x000000016d13c000,0x000000016d33f000)]
  0x000000013b82d400 JavaThread "Common-Cleaner" daemon [_thread_blocked, id=26115, stack(0x000000016d348000,0x000000016d54b000)]
  0x000000013a86c400 JavaThread "Monitor Ctrl-Break" daemon [_thread_in_native, id=26627, stack(0x000000016d554000,0x000000016d757000)]
  0x000000013a86ca00 JavaThread "Notification Thread" daemon [_thread_blocked, id=26883, stack(0x000000016d760000,0x000000016d963000)]

Other Threads:
  0x000000013b422a80 VMThread "VM Thread" [stack: 0x000000016c144000,0x000000016c347000] [id=18691]
  0x0000000139f2f540 WatcherThread [stack: 0x000000016d96c000,0x000000016db6f000] [id=27139]
  0x000000013b30fcd0 GCTaskThread "GC Thread#0" [stack: 0x000000016b708000,0x000000016b90b000] [id=13059]
  0x000000013b104dd0 ConcurrentGCThread "G1 Main Marker" [stack: 0x000000016b914000,0x000000016bb17000] [id=13571]
  0x0000000139f048b0 ConcurrentGCThread "G1 Conc#0" [stack: 0x000000016bb20000,0x000000016bd23000] [id=13827]
  0x0000000139f20af0 ConcurrentGCThread "G1 Refine#0" [stack: 0x000000016bd2c000,0x000000016bf2f000] [id=19459]
  0x000000013b4043c0 ConcurrentGCThread "G1 Young RemSet Sampling" [stack: 0x000000016bf38000,0x000000016c13b000] [id=18947]

Threads with active compile tasks:

VM state: not at safepoint (normal execution)

VM Mutex/Monitor currently owned by a thread: None

Heap address: 0x0000000740000000, size: 2048 MB, Compressed Oops mode: Zero based, Oop shift amount: 3
Compressed class space mapped at: 0x0000000300000000-0x0000000340000000, size: 1073741824
Narrow klass base: 0x0000000000000000, Narrow klass shift: 3, Narrow klass range: 0x340000000

GC Precious Log:
 CPUs: 8 total, 8 available
 Memory: 8192M
 Large Page Support: Disabled
 NUMA Support: Disabled
 Compressed Oops: Enabled (Zero based)
 Heap Region Size: 1M
 Heap Min Capacity: 8M
 Heap Initial Capacity: 128M
 Heap Max Capacity: 2G
 Pre-touch: Disabled
 Parallel Workers: 8
 Concurrent Workers: 2
 Concurrent Refinement Workers: 8
 Periodic GC: Disabled

Heap:
 garbage-first heap   total 131072K, used 9216K [0x0000000740000000, 0x00000007c0000000)
  region size 1024K, 10 young (10240K), 0 survivors (0K)
 Metaspace       used 9654K, capacity 9849K, committed 9984K, reserved 1058816K
  class space    used 848K, capacity 935K, committed 1024K, reserved 1048576K

Heap Regions: E=young(eden), S=young(survivor), O=old, HS=humongous(starts), HC=humongous(continues), CS=collection set, F=free, OA=open archive, CA=closed archive, TAMS=top-at-mark-start (previous, next)
|   0|0x0000000740000000, 0x0000000740000000, 0x0000000740100000|  0%| F|  |TAMS 0x0000000740000000, 0x0000000740000000| Untracked 
|   1|0x0000000740100000, 0x0000000740100000, 0x0000000740200000|  0%| F|  |TAMS 0x0000000740100000, 0x0000000740100000| Untracked 
|   2|0x0000000740200000, 0x0000000740200000, 0x0000000740300000|  0%| F|  |TAMS 0x0000000740200000, 0x0000000740200000| Untracked 
|   3|0x0000000740300000, 0x0000000740300000, 0x0000000740400000|  0%| F|  |TAMS 0x0000000740300000, 0x0000000740300000| Untracked 
|   4|0x0000000740400000, 0x0000000740400000, 0x0000000740500000|  0%| F|  |TAMS 0x0000000740400000, 0x0000000740400000| Untracked 
|   5|0x0000000740500000, 0x0000000740500000, 0x0000000740600000|  0%| F|  |TAMS 0x0000000740500000, 0x0000000740500000| Untracked 
|   6|0x0000000740600000, 0x0000000740600000, 0x0000000740700000|  0%| F|  |TAMS 0x0000000740600000, 0x0000000740600000| Untracked 
|   7|0x0000000740700000, 0x0000000740700000, 0x0000000740800000|  0%| F|  |TAMS 0x0000000740700000, 0x0000000740700000| Untracked 
|   8|0x0000000740800000, 0x0000000740800000, 0x0000000740900000|  0%| F|  |TAMS 0x0000000740800000, 0x0000000740800000| Untracked 
|   9|0x0000000740900000, 0x0000000740900000, 0x0000000740a00000|  0%| F|  |TAMS 0x0000000740900000, 0x0000000740900000| Untracked 
|  10|0x0000000740a00000, 0x0000000740a00000, 0x0000000740b00000|  0%| F|  |TAMS 0x0000000740a00000, 0x0000000740a00000| Untracked 
|  11|0x0000000740b00000, 0x0000000740b00000, 0x0000000740c00000|  0%| F|  |TAMS 0x0000000740b00000, 0x0000000740b00000| Untracked 
|  12|0x0000000740c00000, 0x0000000740c00000, 0x0000000740d00000|  0%| F|  |TAMS 0x0000000740c00000, 0x0000000740c00000| Untracked 
|  13|0x0000000740d00000, 0x0000000740d00000, 0x0000000740e00000|  0%| F|  |TAMS 0x0000000740d00000, 0x0000000740d00000| Untracked 
|  14|0x0000000740e00000, 0x0000000740e00000, 0x0000000740f00000|  0%| F|  |TAMS 0x0000000740e00000, 0x0000000740e00000| Untracked 
|  15|0x0000000740f00000, 0x0000000740f00000, 0x0000000741000000|  0%| F|  |TAMS 0x0000000740f00000, 0x0000000740f00000| Untracked 
|  16|0x0000000741000000, 0x0000000741000000, 0x0000000741100000|  0%| F|  |TAMS 0x0000000741000000, 0x0000000741000000| Untracked 
|  17|0x0000000741100000, 0x0000000741100000, 0x0000000741200000|  0%| F|  |TAMS 0x0000000741100000, 0x0000000741100000| Untracked 
|  18|0x0000000741200000, 0x0000000741200000, 0x0000000741300000|  0%| F|  |TAMS 0x0000000741200000, 0x0000000741200000| Untracked 
|  19|0x0000000741300000, 0x0000000741300000, 0x0000000741400000|  0%| F|  |TAMS 0x0000000741300000, 0x0000000741300000| Untracked 
|  20|0x0000000741400000, 0x0000000741400000, 0x0000000741500000|  0%| F|  |TAMS 0x0000000741400000, 0x0000000741400000| Untracked 
|  21|0x0000000741500000, 0x0000000741500000, 0x0000000741600000|  0%| F|  |TAMS 0x0000000741500000, 0x0000000741500000| Untracked 
|  22|0x0000000741600000, 0x0000000741600000, 0x0000000741700000|  0%| F|  |TAMS 0x0000000741600000, 0x0000000741600000| Untracked 
|  23|0x0000000741700000, 0x0000000741700000, 0x0000000741800000|  0%| F|  |TAMS 0x0000000741700000, 0x0000000741700000| Untracked 
|  24|0x0000000741800000, 0x0000000741800000, 0x0000000741900000|  0%| F|  |TAMS 0x0000000741800000, 0x0000000741800000| Untracked 
|  25|0x0000000741900000, 0x0000000741900000, 0x0000000741a00000|  0%| F|  |TAMS 0x0000000741900000, 0x0000000741900000| Untracked 
|  26|0x0000000741a00000, 0x0000000741a00000, 0x0000000741b00000|  0%| F|  |TAMS 0x0000000741a00000, 0x0000000741a00000| Untracked 
|  27|0x0000000741b00000, 0x0000000741b00000, 0x0000000741c00000|  0%| F|  |TAMS 0x0000000741b00000, 0x0000000741b00000| Untracked 
|  28|0x0000000741c00000, 0x0000000741c00000, 0x0000000741d00000|  0%| F|  |TAMS 0x0000000741c00000, 0x0000000741c00000| Untracked 
|  29|0x0000000741d00000, 0x0000000741d00000, 0x0000000741e00000|  0%| F|  |TAMS 0x0000000741d00000, 0x0000000741d00000| Untracked 
|  30|0x0000000741e00000, 0x0000000741e00000, 0x0000000741f00000|  0%| F|  |TAMS 0x0000000741e00000, 0x0000000741e00000| Untracked 
|  31|0x0000000741f00000, 0x0000000741f00000, 0x0000000742000000|  0%| F|  |TAMS 0x0000000741f00000, 0x0000000741f00000| Untracked 
|  32|0x0000000742000000, 0x0000000742000000, 0x0000000742100000|  0%| F|  |TAMS 0x0000000742000000, 0x0000000742000000| Untracked 
|  33|0x0000000742100000, 0x0000000742100000, 0x0000000742200000|  0%| F|  |TAMS 0x0000000742100000, 0x0000000742100000| Untracked 
|  34|0x0000000742200000, 0x0000000742200000, 0x0000000742300000|  0%| F|  |TAMS 0x0000000742200000, 0x0000000742200000| Untracked 
|  35|0x0000000742300000, 0x0000000742300000, 0x0000000742400000|  0%| F|  |TAMS 0x0000000742300000, 0x0000000742300000| Untracked 
|  36|0x0000000742400000, 0x0000000742400000, 0x0000000742500000|  0%| F|  |TAMS 0x0000000742400000, 0x0000000742400000| Untracked 
|  37|0x0000000742500000, 0x0000000742500000, 0x0000000742600000|  0%| F|  |TAMS 0x0000000742500000, 0x0000000742500000| Untracked 
|  38|0x0000000742600000, 0x0000000742600000, 0x0000000742700000|  0%| F|  |TAMS 0x0000000742600000, 0x0000000742600000| Untracked 
|  39|0x0000000742700000, 0x0000000742700000, 0x0000000742800000|  0%| F|  |TAMS 0x0000000742700000, 0x0000000742700000| Untracked 
|  40|0x0000000742800000, 0x0000000742800000, 0x0000000742900000|  0%| F|  |TAMS 0x0000000742800000, 0x0000000742800000| Untracked 
|  41|0x0000000742900000, 0x0000000742900000, 0x0000000742a00000|  0%| F|  |TAMS 0x0000000742900000, 0x0000000742900000| Untracked 
|  42|0x0000000742a00000, 0x0000000742a00000, 0x0000000742b00000|  0%| F|  |TAMS 0x0000000742a00000, 0x0000000742a00000| Untracked 
|  43|0x0000000742b00000, 0x0000000742b00000, 0x0000000742c00000|  0%| F|  |TAMS 0x0000000742b00000, 0x0000000742b00000| Untracked 
|  44|0x0000000742c00000, 0x0000000742c00000, 0x0000000742d00000|  0%| F|  |TAMS 0x0000000742c00000, 0x0000000742c00000| Untracked 
|  45|0x0000000742d00000, 0x0000000742d00000, 0x0000000742e00000|  0%| F|  |TAMS 0x0000000742d00000, 0x0000000742d00000| Untracked 
|  46|0x0000000742e00000, 0x0000000742e00000, 0x0000000742f00000|  0%| F|  |TAMS 0x0000000742e00000, 0x0000000742e00000| Untracked 
|  47|0x0000000742f00000, 0x0000000742f00000, 0x0000000743000000|  0%| F|  |TAMS 0x0000000742f00000, 0x0000000742f00000| Untracked 
|  48|0x0000000743000000, 0x0000000743000000, 0x0000000743100000|  0%| F|  |TAMS 0x0000000743000000, 0x0000000743000000| Untracked 
|  49|0x0000000743100000, 0x0000000743100000, 0x0000000743200000|  0%| F|  |TAMS 0x0000000743100000, 0x0000000743100000| Untracked 
|  50|0x0000000743200000, 0x0000000743200000, 0x0000000743300000|  0%| F|  |TAMS 0x0000000743200000, 0x0000000743200000| Untracked 
|  51|0x0000000743300000, 0x0000000743300000, 0x0000000743400000|  0%| F|  |TAMS 0x0000000743300000, 0x0000000743300000| Untracked 
|  52|0x0000000743400000, 0x0000000743400000, 0x0000000743500000|  0%| F|  |TAMS 0x0000000743400000, 0x0000000743400000| Untracked 
|  53|0x0000000743500000, 0x0000000743500000, 0x0000000743600000|  0%| F|  |TAMS 0x0000000743500000, 0x0000000743500000| Untracked 
|  54|0x0000000743600000, 0x0000000743600000, 0x0000000743700000|  0%| F|  |TAMS 0x0000000743600000, 0x0000000743600000| Untracked 
|  55|0x0000000743700000, 0x0000000743700000, 0x0000000743800000|  0%| F|  |TAMS 0x0000000743700000, 0x0000000743700000| Untracked 
|  56|0x0000000743800000, 0x0000000743800000, 0x0000000743900000|  0%| F|  |TAMS 0x0000000743800000, 0x0000000743800000| Untracked 
|  57|0x0000000743900000, 0x0000000743900000, 0x0000000743a00000|  0%| F|  |TAMS 0x0000000743900000, 0x0000000743900000| Untracked 
|  58|0x0000000743a00000, 0x0000000743a00000, 0x0000000743b00000|  0%| F|  |TAMS 0x0000000743a00000, 0x0000000743a00000| Untracked 
|  59|0x0000000743b00000, 0x0000000743b00000, 0x0000000743c00000|  0%| F|  |TAMS 0x0000000743b00000, 0x0000000743b00000| Untracked 
|  60|0x0000000743c00000, 0x0000000743c00000, 0x0000000743d00000|  0%| F|  |TAMS 0x0000000743c00000, 0x0000000743c00000| Untracked 
|  61|0x0000000743d00000, 0x0000000743d00000, 0x0000000743e00000|  0%| F|  |TAMS 0x0000000743d00000, 0x0000000743d00000| Untracked 
|  62|0x0000000743e00000, 0x0000000743e00000, 0x0000000743f00000|  0%| F|  |TAMS 0x0000000743e00000, 0x0000000743e00000| Untracked 
|  63|0x0000000743f00000, 0x0000000743f00000, 0x0000000744000000|  0%| F|  |TAMS 0x0000000743f00000, 0x0000000743f00000| Untracked 
|  64|0x0000000744000000, 0x0000000744000000, 0x0000000744100000|  0%| F|  |TAMS 0x0000000744000000, 0x0000000744000000| Untracked 
|  65|0x0000000744100000, 0x0000000744100000, 0x0000000744200000|  0%| F|  |TAMS 0x0000000744100000, 0x0000000744100000| Untracked 
|  66|0x0000000744200000, 0x0000000744200000, 0x0000000744300000|  0%| F|  |TAMS 0x0000000744200000, 0x0000000744200000| Untracked 
|  67|0x0000000744300000, 0x0000000744300000, 0x0000000744400000|  0%| F|  |TAMS 0x0000000744300000, 0x0000000744300000| Untracked 
|  68|0x0000000744400000, 0x0000000744400000, 0x0000000744500000|  0%| F|  |TAMS 0x0000000744400000, 0x0000000744400000| Untracked 
|  69|0x0000000744500000, 0x0000000744500000, 0x0000000744600000|  0%| F|  |TAMS 0x0000000744500000, 0x0000000744500000| Untracked 
|  70|0x0000000744600000, 0x0000000744600000, 0x0000000744700000|  0%| F|  |TAMS 0x0000000744600000, 0x0000000744600000| Untracked 
|  71|0x0000000744700000, 0x0000000744700000, 0x0000000744800000|  0%| F|  |TAMS 0x0000000744700000, 0x0000000744700000| Untracked 
|  72|0x0000000744800000, 0x0000000744800000, 0x0000000744900000|  0%| F|  |TAMS 0x0000000744800000, 0x0000000744800000| Untracked 
|  73|0x0000000744900000, 0x0000000744900000, 0x0000000744a00000|  0%| F|  |TAMS 0x0000000744900000, 0x0000000744900000| Untracked 
|  74|0x0000000744a00000, 0x0000000744a00000, 0x0000000744b00000|  0%| F|  |TAMS 0x0000000744a00000, 0x0000000744a00000| Untracked 
|  75|0x0000000744b00000, 0x0000000744b00000, 0x0000000744c00000|  0%| F|  |TAMS 0x0000000744b00000, 0x0000000744b00000| Untracked 
|  76|0x0000000744c00000, 0x0000000744c00000, 0x0000000744d00000|  0%| F|  |TAMS 0x0000000744c00000, 0x0000000744c00000| Untracked 
|  77|0x0000000744d00000, 0x0000000744d00000, 0x0000000744e00000|  0%| F|  |TAMS 0x0000000744d00000, 0x0000000744d00000| Untracked 
|  78|0x0000000744e00000, 0x0000000744e00000, 0x0000000744f00000|  0%| F|  |TAMS 0x0000000744e00000, 0x0000000744e00000| Untracked 
|  79|0x0000000744f00000, 0x0000000744f00000, 0x0000000745000000|  0%| F|  |TAMS 0x0000000744f00000, 0x0000000744f00000| Untracked 
|  80|0x0000000745000000, 0x0000000745000000, 0x0000000745100000|  0%| F|  |TAMS 0x0000000745000000, 0x0000000745000000| Untracked 
|  81|0x0000000745100000, 0x0000000745100000, 0x0000000745200000|  0%| F|  |TAMS 0x0000000745100000, 0x0000000745100000| Untracked 
|  82|0x0000000745200000, 0x0000000745200000, 0x0000000745300000|  0%| F|  |TAMS 0x0000000745200000, 0x0000000745200000| Untracked 
|  83|0x0000000745300000, 0x0000000745300000, 0x0000000745400000|  0%| F|  |TAMS 0x0000000745300000, 0x0000000745300000| Untracked 
|  84|0x0000000745400000, 0x0000000745400000, 0x0000000745500000|  0%| F|  |TAMS 0x0000000745400000, 0x0000000745400000| Untracked 
|  85|0x0000000745500000, 0x0000000745500000, 0x0000000745600000|  0%| F|  |TAMS 0x0000000745500000, 0x0000000745500000| Untracked 
|  86|0x0000000745600000, 0x0000000745600000, 0x0000000745700000|  0%| F|  |TAMS 0x0000000745600000, 0x0000000745600000| Untracked 
|  87|0x0000000745700000, 0x0000000745700000, 0x0000000745800000|  0%| F|  |TAMS 0x0000000745700000, 0x0000000745700000| Untracked 
|  88|0x0000000745800000, 0x0000000745800000, 0x0000000745900000|  0%| F|  |TAMS 0x0000000745800000, 0x0000000745800000| Untracked 
|  89|0x0000000745900000, 0x0000000745900000, 0x0000000745a00000|  0%| F|  |TAMS 0x0000000745900000, 0x0000000745900000| Untracked 
|  90|0x0000000745a00000, 0x0000000745a00000, 0x0000000745b00000|  0%| F|  |TAMS 0x0000000745a00000, 0x0000000745a00000| Untracked 
|  91|0x0000000745b00000, 0x0000000745b00000, 0x0000000745c00000|  0%| F|  |TAMS 0x0000000745b00000, 0x0000000745b00000| Untracked 
|  92|0x0000000745c00000, 0x0000000745c00000, 0x0000000745d00000|  0%| F|  |TAMS 0x0000000745c00000, 0x0000000745c00000| Untracked 
|  93|0x0000000745d00000, 0x0000000745d00000, 0x0000000745e00000|  0%| F|  |TAMS 0x0000000745d00000, 0x0000000745d00000| Untracked 
|  94|0x0000000745e00000, 0x0000000745e00000, 0x0000000745f00000|  0%| F|  |TAMS 0x0000000745e00000, 0x0000000745e00000| Untracked 
|  95|0x0000000745f00000, 0x0000000745f00000, 0x0000000746000000|  0%| F|  |TAMS 0x0000000745f00000, 0x0000000745f00000| Untracked 
|  96|0x0000000746000000, 0x0000000746000000, 0x0000000746100000|  0%| F|  |TAMS 0x0000000746000000, 0x0000000746000000| Untracked 
|  97|0x0000000746100000, 0x0000000746100000, 0x0000000746200000|  0%| F|  |TAMS 0x0000000746100000, 0x0000000746100000| Untracked 
|  98|0x0000000746200000, 0x0000000746200000, 0x0000000746300000|  0%| F|  |TAMS 0x0000000746200000, 0x0000000746200000| Untracked 
|  99|0x0000000746300000, 0x0000000746300000, 0x0000000746400000|  0%| F|  |TAMS 0x0000000746300000, 0x0000000746300000| Untracked 
| 100|0x0000000746400000, 0x0000000746400000, 0x0000000746500000|  0%| F|  |TAMS 0x0000000746400000, 0x0000000746400000| Untracked 
| 101|0x0000000746500000, 0x0000000746500000, 0x0000000746600000|  0%| F|  |TAMS 0x0000000746500000, 0x0000000746500000| Untracked 
| 102|0x0000000746600000, 0x0000000746600000, 0x0000000746700000|  0%| F|  |TAMS 0x0000000746600000, 0x0000000746600000| Untracked 
| 103|0x0000000746700000, 0x0000000746700000, 0x0000000746800000|  0%| F|  |TAMS 0x0000000746700000, 0x0000000746700000| Untracked 
| 104|0x0000000746800000, 0x0000000746800000, 0x0000000746900000|  0%| F|  |TAMS 0x0000000746800000, 0x0000000746800000| Untracked 
| 105|0x0000000746900000, 0x0000000746900000, 0x0000000746a00000|  0%| F|  |TAMS 0x0000000746900000, 0x0000000746900000| Untracked 
| 106|0x0000000746a00000, 0x0000000746a00000, 0x0000000746b00000|  0%| F|  |TAMS 0x0000000746a00000, 0x0000000746a00000| Untracked 
| 107|0x0000000746b00000, 0x0000000746b00000, 0x0000000746c00000|  0%| F|  |TAMS 0x0000000746b00000, 0x0000000746b00000| Untracked 
| 108|0x0000000746c00000, 0x0000000746c00000, 0x0000000746d00000|  0%| F|  |TAMS 0x0000000746c00000, 0x0000000746c00000| Untracked 
| 109|0x0000000746d00000, 0x0000000746d00000, 0x0000000746e00000|  0%| F|  |TAMS 0x0000000746d00000, 0x0000000746d00000| Untracked 
| 110|0x0000000746e00000, 0x0000000746e00000, 0x0000000746f00000|  0%| F|  |TAMS 0x0000000746e00000, 0x0000000746e00000| Untracked 
| 111|0x0000000746f00000, 0x0000000746f00000, 0x0000000747000000|  0%| F|  |TAMS 0x0000000746f00000, 0x0000000746f00000| Untracked 
| 112|0x0000000747000000, 0x0000000747000000, 0x0000000747100000|  0%| F|  |TAMS 0x0000000747000000, 0x0000000747000000| Untracked 
| 113|0x0000000747100000, 0x0000000747100000, 0x0000000747200000|  0%| F|  |TAMS 0x0000000747100000, 0x0000000747100000| Untracked 
| 114|0x0000000747200000, 0x0000000747200000, 0x0000000747300000|  0%| F|  |TAMS 0x0000000747200000, 0x0000000747200000| Untracked 
| 115|0x0000000747300000, 0x0000000747300000, 0x0000000747400000|  0%| F|  |TAMS 0x0000000747300000, 0x0000000747300000| Untracked 
| 116|0x0000000747400000, 0x0000000747400000, 0x0000000747500000|  0%| F|  |TAMS 0x0000000747400000, 0x0000000747400000| Untracked 
| 117|0x0000000747500000, 0x0000000747500000, 0x0000000747600000|  0%| F|  |TAMS 0x0000000747500000, 0x0000000747500000| Untracked 
| 118|0x0000000747600000, 0x0000000747676440, 0x0000000747700000| 46%| E|  |TAMS 0x0000000747600000, 0x0000000747600000| Complete 
| 119|0x0000000747700000, 0x0000000747800000, 0x0000000747800000|100%| E|CS|TAMS 0x0000000747700000, 0x0000000747700000| Complete 
| 120|0x0000000747800000, 0x0000000747900000, 0x0000000747900000|100%| E|CS|TAMS 0x0000000747800000, 0x0000000747800000| Complete 
| 121|0x0000000747900000, 0x0000000747a00000, 0x0000000747a00000|100%| E|CS|TAMS 0x0000000747900000, 0x0000000747900000| Complete 
| 122|0x0000000747a00000, 0x0000000747b00000, 0x0000000747b00000|100%| E|CS|TAMS 0x0000000747a00000, 0x0000000747a00000| Complete 
| 123|0x0000000747b00000, 0x0000000747c00000, 0x0000000747c00000|100%| E|CS|TAMS 0x0000000747b00000, 0x0000000747b00000| Complete 
| 124|0x0000000747c00000, 0x0000000747d00000, 0x0000000747d00000|100%| E|CS|TAMS 0x0000000747c00000, 0x0000000747c00000| Complete 
| 125|0x0000000747d00000, 0x0000000747e00000, 0x0000000747e00000|100%| E|CS|TAMS 0x0000000747d00000, 0x0000000747d00000| Complete 
| 126|0x0000000747e00000, 0x0000000747f00000, 0x0000000747f00000|100%| E|CS|TAMS 0x0000000747e00000, 0x0000000747e00000| Complete 
| 127|0x0000000747f00000, 0x0000000748000000, 0x0000000748000000|100%| E|CS|TAMS 0x0000000747f00000, 0x0000000747f00000| Complete 

Card table byte_map: [0x00000001207f0000,0x0000000120bf0000] _byte_map_base: 0x000000011cdf0000

Marking Bits (Prev, Next): (CMBitMap*) 0x0000000125008210, (CMBitMap*) 0x0000000125008250
 Prev Bits: [0x0000000120ff0000, 0x0000000122ff0000)
 Next Bits: [0x0000000122ff0000, 0x0000000124ff0000)

Polling page: 0x0000000104a20000

Metaspace:

Usage:
  Non-class:      8.71 MB capacity,     8.60 MB ( 99%) used,    92.21 KB (  1%) free+waste,    15.62 KB ( <1%) overhead. 
      Class:    935.00 KB capacity,   848.68 KB ( 91%) used,    79.57 KB (  9%) free+waste,     6.75 KB ( <1%) overhead. 
       Both:      9.62 MB capacity,     9.43 MB ( 98%) used,   171.78 KB (  2%) free+waste,    22.38 KB ( <1%) overhead. 

Virtual space:
  Non-class space:       10.00 MB reserved,       8.75 MB ( 88%) committed 
      Class space:        1.00 GB reserved,       1.00 MB ( <1%) committed 
             Both:        1.01 GB reserved,       9.75 MB ( <1%) committed 

Chunk freelists:
   Non-Class:  46.00 KB
       Class:  25.00 KB
        Both:  71.00 KB

MaxMetaspaceSize: unlimited
CompressedClassSpaceSize: 1.00 GB

CodeHeap 'non-profiled nmethods': size=120032Kb used=189Kb max_used=189Kb free=119842Kb
 bounds [0x0000000118eb8000, 0x0000000119128000, 0x00000001203f0000]
CodeHeap 'profiled nmethods': size=120016Kb used=991Kb max_used=991Kb free=119024Kb
 bounds [0x0000000111984000, 0x0000000111bf4000, 0x0000000118eb8000]
CodeHeap 'non-nmethods': size=5712Kb used=1450Kb max_used=1450Kb free=4262Kb
 bounds [0x00000001113f0000, 0x0000000111660000, 0x0000000111984000]
 total_blobs=1499 nmethods=637 adapters=779
 compilation: enabled
              stopped_count=0, restarted_count=0
 full_count=0

Compilation events (20 events):
Event: 0.190 Thread 0x000000012502be00  626       1       java.nio.HeapByteBuffer::isReadOnly (2 bytes)
Event: 0.190 Thread 0x000000012502be00 nmethod 626 0x0000000118ee6a10 code [0x0000000118ee6b80, 0x0000000118ee6c68]
Event: 0.190 Thread 0x000000012502be00  629       1       java.util.zip.ZipEntry::getSize (5 bytes)
Event: 0.190 Thread 0x000000012502be00 nmethod 629 0x0000000118ee6d10 code [0x0000000118ee6e80, 0x0000000118ee6f68]
Event: 0.191 Thread 0x000000012502be00  632       1       java.security.CodeSource::getLocation (5 bytes)
Event: 0.191 Thread 0x000000012502be00 nmethod 632 0x0000000118ee7010 code [0x0000000118ee7180, 0x0000000118ee7268]
Event: 0.192 Thread 0x000000012502be00  633       3       jdk.internal.jimage.ImageStringsReader::charsFromByteBufferLength (47 bytes)
Event: 0.192 Thread 0x000000012502be00 nmethod 633 0x0000000111a79c90 code [0x0000000111a79e80, 0x0000000111a7a308]
Event: 0.192 Thread 0x000000012502be00  636       3       java.nio.MappedByteBuffer::limit (6 bytes)
Event: 0.192 Thread 0x000000012502be00 nmethod 636 0x0000000111a7a490 code [0x0000000111a7a640, 0x0000000111a7a898]
Event: 0.192 Thread 0x000000012502be00  637       3       java.nio.MappedByteBuffer::position (6 bytes)
Event: 0.192 Thread 0x000000012502be00 nmethod 637 0x0000000111a7a990 code [0x0000000111a7ab40, 0x0000000111a7ad98]
Event: 0.192 Thread 0x000000012502be00  638       3       java.nio.MappedByteBuffer::<init> (22 bytes)
Event: 0.192 Thread 0x000000012502be00 nmethod 638 0x0000000111a7ae90 code [0x0000000111a7b040, 0x0000000111a7b218]
Event: 0.192 Thread 0x000000012502be00  634       3       jdk.internal.module.SystemModuleFinders$SystemImage::reader (4 bytes)
Event: 0.192 Thread 0x000000012502be00 nmethod 634 0x0000000111a7b310 code [0x0000000111a7b480, 0x0000000111a7b568]
Event: 0.192 Thread 0x000000012502be00  635       3       jdk.internal.jimage.ImageReader::requireOpen (18 bytes)
Event: 0.192 Thread 0x000000012502be00 nmethod 635 0x0000000111a7b610 code [0x0000000111a7b7c0, 0x0000000111a7b9d8]
Event: 0.192 Thread 0x000000012502be00  640       3       sun.misc.Unsafe::putByte (11 bytes)
Event: 0.193 Thread 0x000000012502be00 nmethod 640 0x0000000111a7bb10 code [0x0000000111a7bc80, 0x0000000111a7bda8]

GC Heap History (0 events):
No events

Deoptimization events (2 events):
Event: 0.174 Thread 0x000000012a008a00 DEOPT PACKING pc=0x00000001119fc824 sp=0x000000016b6fbcd0
Event: 0.174 Thread 0x000000012a008a00 DEOPT UNPACKING pc=0x0000000111429bfc sp=0x000000016b6fba90 mode 3

Classes unloaded (0 events):
No events

Classes redefined (0 events):
No events

Internal exceptions (20 events):
Event: 0.129 Thread 0x000000012a008a00 Exception <a 'java/lang/NoSuchMethodError'{0x0000000747929a58}: 'java.lang.Object java.lang.invoke.DirectMethodHandle$Holder.invokeSpecial(java.lang.Object, java.lang.Object, java.lang.Object, java.lang.Object, java.lang.Object, java.lang.Object, java.lang.Object)'> (0x0000000747929a58) 
thrown [src/hotspot/share/interpreter/linkResolver.cpp, line 782]
Event: 0.129 Thread 0x000000012a008a00 Exception <a 'java/lang/NoSuchMethodError'{0x000000074792dde0}: 'java.lang.Object java.lang.invoke.DelegatingMethodHandle$Holder.delegate(java.lang.Object, java.lang.Object, java.lang.Object, java.lang.Object, java.lang.Object, java.lang.Object)'> (0x000000074792dde0) 
thrown [src/hotspot/share/interpreter/linkResolver.cpp, line 782]
Event: 0.129 Thread 0x000000012a008a00 Exception <a 'java/lang/NoSuchMethodError'{0x0000000747931d68}: 'java.lang.Object java.lang.invoke.Invokers$Holder.invokeExact_MT(java.lang.Object, java.lang.Object, java.lang.Object, java.lang.Object, java.lang.Object, java.lang.Object, java.lang.Object)'> (0x0000000747931d68) 
thrown [src/hotspot/share/interpreter/linkResolver.cpp, line 782]
Event: 0.134 Thread 0x000000012a008a00 Exception <a 'java/lang/NoSuchMethodError'{0x000000074795ec18}: 'java.lang.Object java.lang.invoke.DirectMethodHandle$Holder.invokeStatic(java.lang.Object, java.lang.Object, java.lang.Object, java.lang.Object, java.lang.Object)'> (0x000000074795ec18) 
thrown [src/hotspot/share/interpreter/linkResolver.cpp, line 782]
Event: 0.135 Thread 0x000000012a008a00 Exception <a 'java/lang/NoSuchMethodError'{0x000000074797ef90}: 'java.lang.Object java.lang.invoke.DirectMethodHandle$Holder.invokeSpecial(java.lang.Object, java.lang.Object, long)'> (0x000000074797ef90) 
thrown [src/hotspot/share/interpreter/linkResolver.cpp, line 782]
Event: 0.136 Thread 0x000000012a008a00 Exception <a 'java/lang/NoSuchMethodError'{0x000000074799edf0}: 'java.lang.Object java.lang.invoke.DirectMethodHandle$Holder.invokeStatic(java.lang.Object, java.lang.Object, java.lang.Object, java.lang.Object, long)'> (0x000000074799edf0) 
thrown [src/hotspot/share/interpreter/linkResolver.cpp, line 782]
Event: 0.138 Thread 0x000000012a008a00 Exception <a 'java/lang/NoSuchMethodError'{0x00000007479cb178}: 'java.lang.Object java.lang.invoke.DirectMethodHandle$Holder.invokeStatic(java.lang.Object, java.lang.Object, java.lang.Object, java.lang.Object, java.lang.Object, java.lang.Object, java.lang.Object, java.lang.Object)'> (0x00000007479cb178) 
thrown [src/hotspot/share/interpreter/linkResolver.cpp, line 782]
Event: 0.145 Thread 0x000000012a008a00 Exception <a 'java/lang/NoSuchMethodError'{0x000000074785eaa8}: 'int java.lang.invoke.DirectMethodHandle$Holder.invokeStatic(java.lang.Object, int, int)'> (0x000000074785eaa8) 
thrown [src/hotspot/share/interpreter/linkResolver.cpp, line 782]
Event: 0.145 Thread 0x000000012a008a00 Exception <a 'java/lang/NoSuchMethodError'{0x0000000747864a00}: 'java.lang.Object java.lang.invoke.DirectMethodHandle$Holder.newInvokeSpecial(java.lang.Object, int)'> (0x0000000747864a00) 
thrown [src/hotspot/share/interpreter/linkResolver.cpp, line 782]
Event: 0.146 Thread 0x000000012a008a00 Exception <a 'java/lang/NoSuchMethodError'{0x000000074786be88}: 'java.lang.Object java.lang.invoke.Invokers$Holder.linkToTargetMethod(int, java.lang.Object)'> (0x000000074786be88) 
thrown [src/hotspot/share/interpreter/linkResolver.cpp, line 782]
Event: 0.148 Thread 0x000000012a008a00 Exception <a 'java/lang/NoSuchMethodError'{0x000000074788ab88}: 'void java.lang.invoke.DirectMethodHandle$Holder.invokeSpecial(java.lang.Object, java.lang.Object, java.lang.Object)'> (0x000000074788ab88) 
thrown [src/hotspot/share/interpreter/linkResolver.cpp, line 782]
Event: 0.151 Thread 0x000000012a008a00 Exception <a 'java/lang/NoSuchMethodError'{0x00000007478a3d90}: 'java.lang.Object java.lang.invoke.DirectMethodHandle$Holder.invokeStatic(java.lang.Object, java.lang.Object, int)'> (0x00000007478a3d90) 
thrown [src/hotspot/share/interpreter/linkResolver.cpp, line 782]
Event: 0.152 Thread 0x000000012a008a00 Exception <a 'java/lang/NoSuchMethodError'{0x00000007478ab378}: 'java.lang.Object java.lang.invoke.DelegatingMethodHandle$Holder.delegate(java.lang.Object, java.lang.Object, int)'> (0x00000007478ab378) 
thrown [src/hotspot/share/interpreter/linkResolver.cpp, line 782]
Event: 0.152 Thread 0x000000012a008a00 Exception <a 'java/lang/NoSuchMethodError'{0x00000007478b65d8}: 'void java.lang.invoke.DelegatingMethodHandle$Holder.delegate(java.lang.Object, java.lang.Object, int, java.lang.Object)'> (0x00000007478b65d8) 
thrown [src/hotspot/share/interpreter/linkResolver.cpp, line 782]
Event: 0.152 Thread 0x000000012a008a00 Exception <a 'java/lang/NoSuchMethodError'{0x00000007478ba518}: 'int java.lang.invoke.DirectMethodHandle$Holder.invokeSpecial(java.lang.Object, java.lang.Object, java.lang.Object)'> (0x00000007478ba518) 
thrown [src/hotspot/share/interpreter/linkResolver.cpp, line 782]
Event: 0.152 Thread 0x000000012a008a00 Exception <a 'java/lang/NoSuchMethodError'{0x00000007478bdc70}: 'int java.lang.invoke.DelegatingMethodHandle$Holder.delegate(java.lang.Object, java.lang.Object)'> (0x00000007478bdc70) 
thrown [src/hotspot/share/interpreter/linkResolver.cpp, line 782]
Event: 0.153 Thread 0x000000012a008a00 Exception <a 'java/lang/NoSuchMethodError'{0x00000007478c56f0}: 'java.lang.Object java.lang.invoke.DelegatingMethodHandle$Holder.delegate(java.lang.Object, java.lang.Object)'> (0x00000007478c56f0) 
thrown [src/hotspot/share/interpreter/linkResolver.cpp, line 782]
Event: 0.153 Thread 0x000000012a008a00 Exception <a 'java/lang/NoSuchMethodError'{0x00000007478cf710}: 'void java.lang.invoke.DelegatingMethodHandle$Holder.delegate(java.lang.Object, java.lang.Object)'> (0x00000007478cf710) 
thrown [src/hotspot/share/interpreter/linkResolver.cpp, line 782]
Event: 0.164 Thread 0x000000012a008a00 Exception <a 'sun/nio/fs/UnixException'{0x00000007478fb690}> (0x00000007478fb690) 
thrown [src/hotspot/share/prims/jni.cpp, line 578]
Event: 0.190 Thread 0x000000012a008a00 Exception <a 'sun/nio/fs/UnixException'{0x00000007477ff240}> (0x00000007477ff240) 
thrown [src/hotspot/share/prims/jni.cpp, line 578]

Events (20 events):
Event: 0.178 loading class java/nio/DirectDoubleBufferU
Event: 0.178 loading class java/nio/DirectDoubleBufferU done
Event: 0.178 loading class sun/misc/Unsafe
Event: 0.178 loading class sun/misc/Unsafe done
Event: 0.179 loading class jdk/internal/reflect/UnsafeFieldAccessorFactory
Event: 0.179 loading class jdk/internal/reflect/UnsafeFieldAccessorFactory done
Event: 0.179 loading class jdk/internal/reflect/UnsafeQualifiedStaticObjectFieldAccessorImpl
Event: 0.179 loading class jdk/internal/reflect/UnsafeQualifiedStaticFieldAccessorImpl
Event: 0.179 loading class jdk/internal/reflect/UnsafeQualifiedStaticFieldAccessorImpl done
Event: 0.179 loading class jdk/internal/reflect/UnsafeQualifiedStaticObjectFieldAccessorImpl done
Event: 0.181 loading class java/math/BigInteger
Event: 0.181 loading class java/math/BigInteger done
Event: 0.181 loading class java/math/MutableBigInteger
Event: 0.182 loading class java/math/MutableBigInteger done
Event: 0.182 loading class java/nio/InvalidMarkException
Event: 0.182 loading class java/nio/InvalidMarkException done
Event: 0.182 loading class java/nio/BufferUnderflowException
Event: 0.182 loading class java/nio/BufferUnderflowException done
Event: 0.190 loading class java/lang/NoSuchFieldError
Event: 0.190 loading class java/lang/NoSuchFieldError done


Dynamic libraries:
0x000000018d1e0000 	/usr/lib/libz.1.dylib
0x00000001049a4000 	/Users/badlogic/Library/Java/JavaVirtualMachines/azul-15.0.2/Contents/Home/lib/libjli.dylib
0x000000019780b000 	/System/Library/Frameworks/Cocoa.framework/Versions/A/Cocoa
0x0000000185a40000 	/System/Library/Frameworks/Security.framework/Versions/A/Security
0x0000000195b58000 	/System/Library/Frameworks/ApplicationServices.framework/Versions/A/ApplicationServices
0x000000018d28a000 	/usr/lib/libSystem.B.dylib
0x000000018d284000 	/usr/lib/system/libcache.dylib
0x000000018d243000 	/usr/lib/system/libcommonCrypto.dylib
0x000000018d26d000 	/usr/lib/system/libcompiler_rt.dylib
0x000000018d264000 	/usr/lib/system/libcopyfile.dylib
0x00000001839c4000 	/usr/lib/system/libcorecrypto.dylib
0x0000000183a65000 	/usr/lib/system/libdispatch.dylib
0x0000000183c1b000 	/usr/lib/system/libdyld.dylib
0x000000018d27a000 	/usr/lib/system/libkeymgr.dylib
0x000000019069e000 	/usr/lib/system/liblaunch.dylib
0x000000018d221000 	/usr/lib/system/libmacho.dylib
0x000000018cab5000 	/usr/lib/system/libquarantine.dylib
0x000000018d277000 	/usr/lib/system/libremovefile.dylib
0x0000000188470000 	/usr/lib/system/libsystem_asl.dylib
0x0000000183972000 	/usr/lib/system/libsystem_blocks.dylib
0x0000000183ae5000 	/usr/lib/system/libsystem_c.dylib
0x000000018d271000 	/usr/lib/system/libsystem_collections.dylib
0x000000018c0f0000 	/usr/lib/system/libsystem_configuration.dylib
0x000000018b46d000 	/usr/lib/system/libsystem_containermanager.dylib
0x000000018cfed000 	/usr/lib/system/libsystem_coreservices.dylib
0x0000000186011000 	/usr/lib/system/libsystem_darwin.dylib
0x000000018d27b000 	/usr/lib/system/libsystem_dnssd.dylib
0x0000000183ae2000 	/usr/lib/system/libsystem_featureflags.dylib
0x0000000183c61000 	/usr/lib/system/libsystem_info.dylib
0x000000018d1f2000 	/usr/lib/system/libsystem_m.dylib
0x0000000183a39000 	/usr/lib/system/libsystem_malloc.dylib
0x0000000188409000 	/usr/lib/system/libsystem_networkextension.dylib
0x000000018644e000 	/usr/lib/system/libsystem_notify.dylib
0x0000000192b68000 	/usr/lib/system/libsystem_product_info_filter.dylib
0x000000018c0f5000 	/usr/lib/system/libsystem_sandbox.dylib
0x000000018d274000 	/usr/lib/system/libsystem_secinit.dylib
0x0000000183bdc000 	/usr/lib/system/libsystem_kernel.dylib
0x0000000183c5a000 	/usr/lib/system/libsystem_platform.dylib
0x0000000183c0f000 	/usr/lib/system/libsystem_pthread.dylib
0x00000001899f8000 	/usr/lib/system/libsystem_symptoms.dylib
0x00000001839ac000 	/usr/lib/system/libsystem_trace.dylib
0x000000018d251000 	/usr/lib/system/libunwind.dylib
0x0000000183974000 	/usr/lib/system/libxpc.dylib
0x0000000183bc2000 	/usr/lib/libc++abi.dylib
0x0000000183aa9000 	/usr/lib/libobjc.A.dylib
0x000000018d25c000 	/usr/lib/liboah.dylib
0x0000000183b66000 	/usr/lib/libc++.1.dylib
0x0000000183c8d000 	/System/Library/Frameworks/CoreFoundation.framework/Versions/A/CoreFoundation
0x0000000184a33000 	/System/Library/Frameworks/Foundation.framework/Versions/C/Foundation
0x00000001864a7000 	/System/Library/Frameworks/AppKit.framework/Versions/C/AppKit
0x00000001892a4000 	/System/Library/Frameworks/CoreData.framework/Versions/A/CoreData
0x0000000187206000 	/System/Library/PrivateFrameworks/UIFoundation.framework/Versions/A/UIFoundation
0x00000001928e8000 	/System/Library/PrivateFrameworks/RemoteViewServices.framework/Versions/A/RemoteViewServices
0x000000018bb2a000 	/System/Library/PrivateFrameworks/XCTTargetBootstrap.framework/Versions/A/XCTTargetBootstrap
0x000000018e44b000 	/usr/lib/libspindump.dylib
0x0000000187435000 	/System/Library/Frameworks/UniformTypeIdentifiers.framework/Versions/A/UniformTypeIdentifiers
0x000000018a4ea000 	/usr/lib/libapp_launch_measurement.dylib
0x000000018a4ed000 	/System/Library/PrivateFrameworks/CoreAutoLayout.framework/Versions/A/CoreAutoLayout
0x000000018b49b000 	/System/Library/Frameworks/Metal.framework/Versions/A/Metal
0x000000018c100000 	/usr/lib/liblangid.dylib
0x000000018bb2e000 	/System/Library/PrivateFrameworks/CoreSVG.framework/Versions/A/CoreSVG
0x00000001884a2000 	/System/Library/PrivateFrameworks/SkyLight.framework/Versions/A/SkyLight
0x0000000188809000 	/System/Library/Frameworks/CoreGraphics.framework/Versions/A/CoreGraphics
0x0000000192f23000 	/System/Library/Frameworks/Accelerate.framework/Versions/A/Accelerate
0x000000018de9f000 	/System/Library/PrivateFrameworks/IconServices.framework/Versions/A/IconServices
0x000000018b47f000 	/System/Library/Frameworks/IOSurface.framework/Versions/A/IOSurface
0x0000000189b83000 	/usr/lib/libDiagnosticMessagesClient.dylib
0x000000018bb12000 	/System/Library/PrivateFrameworks/DFRFoundation.framework/Versions/A/DFRFoundation
0x0000000185d9f000 	/usr/lib/libicucore.A.dylib
0x000000018f970000 	/System/Library/Frameworks/AudioToolbox.framework/Versions/A/AudioToolbox
0x000000018ebc4000 	/System/Library/PrivateFrameworks/DataDetectorsCore.framework/Versions/A/DataDetectorsCore
0x000000018b802000 	/System/Library/Frameworks/Carbon.framework/Versions/A/Frameworks/HIToolbox.framework/Versions/A/HIToolbox
0x0000000189f92000 	/System/Library/Frameworks/QuartzCore.framework/Versions/A/QuartzCore
0x0000000192920000 	/System/Library/Frameworks/Carbon.framework/Versions/A/Frameworks/SpeechRecognition.framework/Versions/A/SpeechRecognition
0x000000018a288000 	/System/Library/PrivateFrameworks/CoreUI.framework/Versions/A/CoreUI
0x000000018541a000 	/System/Library/Frameworks/CoreAudio.framework/Versions/A/CoreAudio
0x0000000189c6c000 	/System/Library/Frameworks/DiskArbitration.framework/Versions/A/DiskArbitration
0x000000018e820000 	/System/Library/PrivateFrameworks/MultitouchSupport.framework/Versions/A/MultitouchSupport
0x000000018ebbb000 	/System/Library/PrivateFrameworks/InternationalSupport.framework/Versions/A/InternationalSupport
0x0000000188419000 	/usr/lib/libenergytrace.dylib
0x0000000186383000 	/System/Library/Frameworks/IOKit.framework/Versions/A/IOKit
0x0000000192c69000 	/System/Library/Frameworks/CoreServices.framework/Versions/A/CoreServices
0x000000018a483000 	/System/Library/PrivateFrameworks/PerformanceAnalysis.framework/Versions/A/PerformanceAnalysis
0x00000001c648a000 	/System/Library/Frameworks/OpenGL.framework/Versions/A/OpenGL
0x000000018ec39000 	/System/Library/PrivateFrameworks/UserActivity.framework/Versions/A/UserActivity
0x0000000188df7000 	/System/Library/Frameworks/ColorSync.framework/Versions/A/ColorSync
0x000000018bd77000 	/System/Library/Frameworks/CoreImage.framework/Versions/A/CoreImage
0x0000000185248000 	/System/Library/Frameworks/CoreText.framework/Versions/A/CoreText
0x000000018bb59000 	/System/Library/Frameworks/ImageIO.framework/Versions/A/ImageIO
0x000000018d290000 	/System/Library/PrivateFrameworks/SoftLinking.framework/Versions/A/SoftLinking
0x000000018a531000 	/usr/lib/libxml2.2.dylib
0x000000018d50e000 	/usr/lib/libcompression.dylib
0x000000018841b000 	/usr/lib/libMobileGestalt.dylib
0x000000018eb06000 	/System/Library/PrivateFrameworks/TextureIO.framework/Versions/A/TextureIO
0x000000018dbe3000 	/usr/lib/libate.dylib
0x000000018da28000 	/usr/lib/liblzma.5.dylib
0x000000018474c000 	/System/Library/Frameworks/SystemConfiguration.framework/Versions/A/SystemConfiguration
0x000000018d28c000 	/usr/lib/libfakelink.dylib
0x0000000187f7b000 	/System/Library/Frameworks/CFNetwork.framework/Versions/A/CFNetwork
0x000000018d3d5000 	/usr/lib/libarchive.2.dylib
0x00000001847d4000 	/usr/lib/libCRFSuite.dylib
0x000000018cadf000 	/usr/lib/libbsm.0.dylib
0x0000000187870000 	/usr/lib/libnetwork.dylib
0x000000018d291000 	/usr/lib/libpcap.A.dylib
0x00000001899f0000 	/usr/lib/libdns_services.dylib
0x000000018da41000 	/usr/lib/libcoretls_cfhelpers.dylib
0x000000018d4de000 	/usr/lib/libapple_nghttp2.dylib
0x000000018d227000 	/usr/lib/system/libkxld.dylib
0x000000018966e000 	/usr/lib/libsqlite3.dylib
0x000000018cfd0000 	/System/Library/PrivateFrameworks/AppleFSCompression.framework/Versions/A/AppleFSCompression
0x000000018cac8000 	/usr/lib/libcoretls.dylib
0x000000018d509000 	/usr/lib/libpam.2.dylib
0x000000018db27000 	/usr/lib/libxar.1.dylib
0x000000018c0fc000 	/System/Library/PrivateFrameworks/AppleSystemInfo.framework/Versions/A/AppleSystemInfo
0x000000018c715000 	/System/Library/PrivateFrameworks/IOMobileFramebuffer.framework/Versions/A/IOMobileFramebuffer
0x000000018cfe0000 	/usr/lib/libbz2.1.0.dylib
0x000000018d2cc000 	/usr/lib/libiconv.2.dylib
0x000000018d220000 	/usr/lib/libcharset.1.dylib
0x000000018a4bc000 	/System/Library/Frameworks/CoreServices.framework/Versions/A/Frameworks/FSEvents.framework/Versions/A/FSEvents
0x000000018601c000 	/System/Library/Frameworks/CoreServices.framework/Versions/A/Frameworks/CarbonCore.framework/Versions/A/CarbonCore
0x0000000189bd2000 	/System/Library/Frameworks/CoreServices.framework/Versions/A/Frameworks/Metadata.framework/Versions/A/Metadata
0x000000018cff2000 	/System/Library/Frameworks/CoreServices.framework/Versions/A/Frameworks/OSServices.framework/Versions/A/OSServices
0x000000018d446000 	/System/Library/Frameworks/CoreServices.framework/Versions/A/Frameworks/SearchKit.framework/Versions/A/SearchKit
0x000000018997c000 	/System/Library/Frameworks/CoreServices.framework/Versions/A/Frameworks/AE.framework/Versions/A/AE
0x0000000184137000 	/System/Library/Frameworks/CoreServices.framework/Versions/A/Frameworks/LaunchServices.framework/Versions/A/LaunchServices
0x000000018d9d6000 	/System/Library/Frameworks/CoreServices.framework/Versions/A/Frameworks/DictionaryServices.framework/Versions/A/DictionaryServices
0x000000018a4c5000 	/System/Library/Frameworks/CoreServices.framework/Versions/A/Frameworks/SharedFileList.framework/Versions/A/SharedFileList
0x000000018cab8000 	/usr/lib/libCheckFix.dylib
0x0000000188488000 	/System/Library/PrivateFrameworks/TCC.framework/Versions/A/TCC
0x000000018c102000 	/System/Library/PrivateFrameworks/CoreNLP.framework/Versions/A/CoreNLP
0x0000000189b86000 	/System/Library/PrivateFrameworks/MetadataUtilities.framework/Versions/A/MetadataUtilities
0x0000000184808000 	/usr/lib/libmecabra.dylib
0x000000018cd9e000 	/System/Library/Frameworks/MLCompute.framework/Versions/A/MLCompute
0x000000018caf0000 	/usr/lib/libmecab.dylib
0x000000018cb35000 	/usr/lib/libgermantok.dylib
0x000000018d4b7000 	/usr/lib/libThaiTokenizer.dylib
0x000000018db63000 	/usr/lib/libChineseTokenizer.dylib
0x000000018d507000 	/System/Library/Frameworks/MetalPerformanceShaders.framework/Versions/A/MetalPerformanceShaders
0x0000000189c73000 	/System/Library/Frameworks/Accelerate.framework/Versions/A/Frameworks/vImage.framework/Versions/A/vImage
0x0000000192c42000 	/System/Library/Frameworks/Accelerate.framework/Versions/A/Frameworks/vecLib.framework/Versions/A/vecLib
0x000000018db6e000 	/System/Library/Frameworks/Accelerate.framework/Versions/A/Frameworks/vecLib.framework/Versions/A/libvMisc.dylib
0x000000018c64f000 	/System/Library/Frameworks/Accelerate.framework/Versions/A/Frameworks/vecLib.framework/Versions/A/libvDSP.dylib
0x0000000184443000 	/System/Library/Frameworks/Accelerate.framework/Versions/A/Frameworks/vecLib.framework/Versions/A/libBLAS.dylib
0x000000018d52b000 	/System/Library/Frameworks/Accelerate.framework/Versions/A/Frameworks/vecLib.framework/Versions/A/libLAPACK.dylib
0x000000018cb3a000 	/System/Library/Frameworks/Accelerate.framework/Versions/A/Frameworks/vecLib.framework/Versions/A/libLinearAlgebra.dylib
0x000000018d4f5000 	/System/Library/Frameworks/Accelerate.framework/Versions/A/Frameworks/vecLib.framework/Versions/A/libSparseBLAS.dylib
0x000000018d526000 	/System/Library/Frameworks/Accelerate.framework/Versions/A/Frameworks/vecLib.framework/Versions/A/libQuadrature.dylib
0x000000018c199000 	/System/Library/Frameworks/Accelerate.framework/Versions/A/Frameworks/vecLib.framework/Versions/A/libBNNS.dylib
0x00000001846e9000 	/System/Library/Frameworks/Accelerate.framework/Versions/A/Frameworks/vecLib.framework/Versions/A/libSparse.dylib
0x000000018c098000 	/System/Library/Frameworks/MetalPerformanceShaders.framework/Versions/A/Frameworks/MPSCore.framework/Versions/A/MPSCore
0x000000018cf45000 	/System/Library/Frameworks/MetalPerformanceShaders.framework/Versions/A/Frameworks/MPSImage.framework/Versions/A/MPSImage
0x000000018cb50000 	/System/Library/Frameworks/MetalPerformanceShaders.framework/Versions/A/Frameworks/MPSNeuralNetwork.framework/Versions/A/MPSNeuralNetwork
0x000000018ceda000 	/System/Library/Frameworks/MetalPerformanceShaders.framework/Versions/A/Frameworks/MPSMatrix.framework/Versions/A/MPSMatrix
0x000000018cd54000 	/System/Library/Frameworks/MetalPerformanceShaders.framework/Versions/A/Frameworks/MPSRayIntersector.framework/Versions/A/MPSRayIntersector
0x000000018cf09000 	/System/Library/Frameworks/MetalPerformanceShaders.framework/Versions/A/Frameworks/MPSNDArray.framework/Versions/A/MPSNDArray
0x000000018436a000 	/System/Library/PrivateFrameworks/MetalTools.framework/Versions/A/MetalTools
0x000000018c0fa000 	/System/Library/PrivateFrameworks/AggregateDictionary.framework/Versions/A/AggregateDictionary
0x0000000189b5d000 	/System/Library/PrivateFrameworks/CoreAnalytics.framework/Versions/A/CoreAnalytics
0x000000018d4b9000 	/System/Library/PrivateFrameworks/AppleSauce.framework/Versions/A/AppleSauce
0x000000018b491000 	/System/Library/PrivateFrameworks/IOAccelerator.framework/Versions/A/IOAccelerator
0x00000001c647d000 	/System/Library/Frameworks/OpenGL.framework/Versions/A/Libraries/libCoreFSCache.dylib
0x0000000184dc5000 	/System/Library/PrivateFrameworks/LanguageModeling.framework/Versions/A/LanguageModeling
0x000000018c702000 	/System/Library/PrivateFrameworks/CoreEmoji.framework/Versions/A/CoreEmoji
0x000000018c191000 	/System/Library/PrivateFrameworks/LinguisticData.framework/Versions/A/LinguisticData
0x000000018469e000 	/System/Library/PrivateFrameworks/Lexicon.framework/Versions/A/Lexicon
0x000000018d3bf000 	/usr/lib/libcmph.dylib
0x000000018a49c000 	/System/Library/Frameworks/OpenDirectory.framework/Versions/A/Frameworks/CFOpenDirectory.framework/Versions/A/CFOpenDirectory
0x000000018a48e000 	/System/Library/Frameworks/OpenDirectory.framework/Versions/A/OpenDirectory
0x000000018da43000 	/System/Library/PrivateFrameworks/APFS.framework/Versions/A/APFS
0x000000018ca1f000 	/System/Library/Frameworks/SecurityFoundation.framework/Versions/A/SecurityFoundation
0x000000018db35000 	/usr/lib/libutil.dylib
0x0000000186347000 	/System/Library/PrivateFrameworks/CoreServicesStore.framework/Versions/A/CoreServicesStore
0x000000018caaf000 	/System/Library/Frameworks/ServiceManagement.framework/Versions/A/ServiceManagement
0x000000018db39000 	/usr/lib/libxslt.1.dylib
0x000000018caa5000 	/System/Library/PrivateFrameworks/BackgroundTaskManagement.framework/Versions/A/BackgroundTaskManagement
0x000000018ea55000 	/System/Library/Frameworks/ImageIO.framework/Versions/A/Resources/libRadiance.dylib
0x000000018ea5e000 	/System/Library/Frameworks/ImageIO.framework/Versions/A/Resources/libJPEG.dylib
0x000000018e9ae000 	/System/Library/Frameworks/ImageIO.framework/Versions/A/Resources/libPng.dylib
0x000000018e9d5000 	/System/Library/Frameworks/ImageIO.framework/Versions/A/Resources/libTIFF.dylib
0x000000018eaaf000 	/System/Library/Frameworks/ImageIO.framework/Versions/A/Resources/libGIF.dylib
0x000000018e73a000 	/System/Library/Frameworks/ImageIO.framework/Versions/A/Resources/libJP2.dylib
0x000000018de68000 	/usr/lib/libexpat.1.dylib
0x000000018e6f6000 	/System/Library/PrivateFrameworks/AppleJPEG.framework/Versions/A/AppleJPEG
0x000000018b6a9000 	/System/Library/PrivateFrameworks/FontServices.framework/libFontParser.dylib
0x000000018992b000 	/System/Library/PrivateFrameworks/RunningBoardServices.framework/Versions/A/RunningBoardServices
0x0000000197d37000 	/System/Library/PrivateFrameworks/IOSurfaceAccelerator.framework/Versions/A/IOSurfaceAccelerator
0x000000018e81c000 	/System/Library/PrivateFrameworks/WatchdogClient.framework/Versions/A/WatchdogClient
0x0000000184eb7000 	/System/Library/Frameworks/CoreDisplay.framework/Versions/A/CoreDisplay
0x000000018b5b2000 	/System/Library/Frameworks/CoreMedia.framework/Versions/A/CoreMedia
0x000000018a61d000 	/System/Library/Frameworks/CoreVideo.framework/Versions/A/CoreVideo
0x000000018e855000 	/System/Library/Frameworks/VideoToolbox.framework/Versions/A/VideoToolbox
0x00000001898a6000 	/System/Library/PrivateFrameworks/BaseBoard.framework/Versions/A/BaseBoard
0x000000018dfaa000 	/System/Library/PrivateFrameworks/PersistentConnection.framework/Versions/A/PersistentConnection
0x0000000189656000 	/System/Library/PrivateFrameworks/ProtocolBuffer.framework/Versions/A/ProtocolBuffer
0x000000018988e000 	/System/Library/PrivateFrameworks/CommonUtilities.framework/Versions/A/CommonUtilities
0x000000018e696000 	/System/Library/PrivateFrameworks/Bom.framework/Versions/A/Bom
0x000000018ea50000 	/System/Library/PrivateFrameworks/GPUWrangler.framework/Versions/A/GPUWrangler
0x000000018ea31000 	/System/Library/PrivateFrameworks/IOPresentment.framework/Versions/A/IOPresentment
0x000000018ea58000 	/System/Library/PrivateFrameworks/DSExternalDisplay.framework/Versions/A/DSExternalDisplay
0x000000018eab4000 	/System/Library/PrivateFrameworks/CMCaptureCore.framework/Versions/A/CMCaptureCore
0x000000018e434000 	/System/Library/PrivateFrameworks/AppServerSupport.framework/Versions/A/AppServerSupport
0x000000019044d000 	/System/Library/PrivateFrameworks/perfdata.framework/Versions/A/perfdata
0x000000018ca0f000 	/System/Library/PrivateFrameworks/AssertionServices.framework/Versions/A/AssertionServices
0x0000000184fda000 	/System/Library/PrivateFrameworks/AudioToolboxCore.framework/Versions/A/AudioToolboxCore
0x000000018b592000 	/System/Library/PrivateFrameworks/caulk.framework/Versions/A/caulk
0x000000019fb2a000 	/System/Library/PrivateFrameworks/SystemPolicy.framework/Versions/A/SystemPolicy
0x000000018dc75000 	/usr/lib/libIOReport.dylib
0x000000018fcd4000 	/usr/lib/libSMC.dylib
0x000000018e97b000 	/usr/lib/libAudioToolboxUtility.dylib
0x00000001a04b8000 	/usr/lib/libmis.dylib
0x00000001c64df000 	/System/Library/Frameworks/OpenGL.framework/Versions/A/Libraries/libGLU.dylib
0x00000001c649d000 	/System/Library/Frameworks/OpenGL.framework/Versions/A/Libraries/libGFXShared.dylib
0x00000001c6687000 	/System/Library/Frameworks/OpenGL.framework/Versions/A/Libraries/libGL.dylib
0x00000001c64a6000 	/System/Library/Frameworks/OpenGL.framework/Versions/A/Libraries/libGLImage.dylib
0x00000001c649a000 	/System/Library/Frameworks/OpenGL.framework/Versions/A/Libraries/libCVMSPluginSupport.dylib
0x00000001c6484000 	/System/Library/Frameworks/OpenGL.framework/Versions/A/Libraries/libCoreVMClient.dylib
0x0000000196871000 	/System/Library/PrivateFrameworks/ASEProcessing.framework/Versions/A/ASEProcessing
0x000000018dfd1000 	/System/Library/PrivateFrameworks/GraphVisualizer.framework/Versions/A/GraphVisualizer
0x000000018dfdf000 	/System/Library/PrivateFrameworks/FaceCore.framework/Versions/A/FaceCore
0x000000018e3f2000 	/System/Library/PrivateFrameworks/OTSVG.framework/Versions/A/OTSVG
0x000000018a245000 	/System/Library/Frameworks/ApplicationServices.framework/Versions/A/Frameworks/ATS.framework/Versions/A/Resources/libFontRegistry.dylib
0x000000018e43c000 	/System/Library/PrivateFrameworks/FontServices.framework/libhvf.dylib
0x00000001c6822000 	/System/Library/Frameworks/OpenCL.framework/Versions/A/OpenCL
0x000000018de1c000 	/System/Library/PrivateFrameworks/AppleVA.framework/Versions/A/AppleVA
0x000000018fb26000 	/System/Library/Frameworks/ApplicationServices.framework/Versions/A/Frameworks/ATS.framework/Versions/A/ATS
0x000000018fe32000 	/System/Library/Frameworks/ApplicationServices.framework/Versions/A/Frameworks/ColorSyncLegacy.framework/Versions/A/ColorSyncLegacy
0x0000000188eed000 	/System/Library/Frameworks/ApplicationServices.framework/Versions/A/Frameworks/HIServices.framework/Versions/A/HIServices
0x000000018fe15000 	/System/Library/Frameworks/ApplicationServices.framework/Versions/A/Frameworks/LangAnalysis.framework/Versions/A/LangAnalysis
0x000000018eabe000 	/System/Library/Frameworks/ApplicationServices.framework/Versions/A/Frameworks/PrintCore.framework/Versions/A/PrintCore
0x000000018fe3a000 	/System/Library/Frameworks/ApplicationServices.framework/Versions/A/Frameworks/QD.framework/Versions/A/QD
0x000000018fb12000 	/System/Library/Frameworks/ApplicationServices.framework/Versions/A/Frameworks/SpeechSynthesis.framework/Versions/A/SpeechSynthesis
0x000000018ea7f000 	/System/Library/Frameworks/ApplicationServices.framework/Versions/A/Frameworks/ATSUI.framework/Versions/A/ATSUI
0x000000018fdb4000 	/usr/lib/libcups.2.dylib
0x000000018fe25000 	/System/Library/PrivateFrameworks/NetAuth.framework/Versions/A/NetAuth
0x0000000190468000 	/System/Library/Frameworks/Kerberos.framework/Versions/A/Kerberos
0x0000000190479000 	/System/Library/Frameworks/GSS.framework/Versions/A/GSS
0x000000018fb94000 	/usr/lib/libresolv.9.dylib
0x000000018e44e000 	/System/Library/PrivateFrameworks/Heimdal.framework/Versions/A/Heimdal
0x0000000195e3f000 	/System/Library/Frameworks/Kerberos.framework/Versions/A/Libraries/libHeimdalProxy.dylib
0x0000000189a00000 	/System/Library/Frameworks/Network.framework/Versions/A/Network
0x000000018de82000 	/usr/lib/libheimdal-asn1.dylib
0x00000001904c2000 	/System/Library/PrivateFrameworks/CommonAuth.framework/Versions/A/CommonAuth
0x000000018a670000 	/System/Library/PrivateFrameworks/login.framework/Versions/A/Frameworks/loginsupport.framework/Versions/A/loginsupport
0x000000018fa95000 	/System/Library/PrivateFrameworks/AudioSession.framework/Versions/A/AudioSession
0x000000018faff000 	/usr/lib/libAudioStatistics.dylib
0x000000018df06000 	/System/Library/PrivateFrameworks/MediaExperience.framework/Versions/A/MediaExperience
0x000000018f93a000 	/System/Library/PrivateFrameworks/AudioSession.framework/libSessionUtility.dylib
0x0000000190459000 	/usr/lib/libperfcheck.dylib
0x000000018fe46000 	/System/Library/PrivateFrameworks/AudioResourceArbitration.framework/Versions/A/AudioResourceArbitration
0x000000018de8c000 	/System/Library/PrivateFrameworks/IconFoundation.framework/Versions/A/IconFoundation
0x0000000192910000 	/System/Library/PrivateFrameworks/SpeechRecognitionCore.framework/Versions/A/SpeechRecognitionCore
0x0000000109000000 	/Users/badlogic/Library/Java/JavaVirtualMachines/azul-15.0.2/Contents/Home/lib/server/libjvm.dylib
0x0000000104a0c000 	/Users/badlogic/Library/Java/JavaVirtualMachines/azul-15.0.2/Contents/Home/lib/libjimage.dylib
0x0000000104a28000 	/Users/badlogic/Library/Java/JavaVirtualMachines/azul-15.0.2/Contents/Home/lib/libinstrument.dylib
0x0000000104a40000 	/Users/badlogic/Library/Java/JavaVirtualMachines/azul-15.0.2/Contents/Home/lib/libjava.dylib
0x0000000104bc8000 	/Users/badlogic/Library/Java/JavaVirtualMachines/azul-15.0.2/Contents/Home/lib/libzip.dylib
0x0000000104e4c000 	/Users/badlogic/Library/Java/JavaVirtualMachines/azul-15.0.2/Contents/Home/lib/libnio.dylib
0x0000000104e6c000 	/Users/badlogic/Library/Java/JavaVirtualMachines/azul-15.0.2/Contents/Home/lib/libnet.dylib
0x0000000104be0000 	/Users/badlogic/Library/Java/JavaVirtualMachines/azul-15.0.2/Contents/Home/lib/libextnet.dylib
0x0000000104e90000 	/private/var/folders/tz/9b3q83yd7yj76_sdhfl4pmj80000gn/T/lwjglbadlogic/3.3.0-build-7/liblwjgl.dylib
0x0000000129200000 	/private/var/folders/tz/9b3q83yd7yj76_sdhfl4pmj80000gn/T/lwjglbadlogic/3.3.0-build-7/libjemalloc.dylib


VM Arguments:
jvm_args: -Dvisualvm.id=3107144556708 -javaagent:/Applications/IntelliJ IDEA CE.app/Contents/lib/idea_rt.jar=50123:/Applications/IntelliJ IDEA CE.app/Contents/bin -Dfile.encoding=UTF-8 
java_command: HelloWorld
java_class_path (initial): /Users/badlogic/workspaces/lwjgl3-test/target/classes:/Users/badlogic/.m2/repository/org/lwjgl/lwjgl/3.3.0-SNAPSHOT/lwjgl-3.3.0-20210307.194250-2.jar:/Users/badlogic/.m2/repository/org/lwjgl/lwjgl-assimp/3.3.0-SNAPSHOT/lwjgl-assimp-3.3.0-20210307.194250-2.jar:/Users/badlogic/.m2/repository/org/lwjgl/lwjgl-bgfx/3.3.0-SNAPSHOT/lwjgl-bgfx-3.3.0-20210307.194250-2.jar:/Users/badlogic/.m2/repository/org/lwjgl/lwjgl-cuda/3.3.0-SNAPSHOT/lwjgl-cuda-3.3.0-20210307.194250-2.jar:/Users/badlogic/.m2/repository/org/lwjgl/lwjgl-driftfx/3.3.0-SNAPSHOT/lwjgl-driftfx-3.3.0-20210307.194250-2.jar:/Users/badlogic/.m2/repository/org/lwjgl/lwjgl-egl/3.3.0-SNAPSHOT/lwjgl-egl-3.3.0-20210307.194250-2.jar:/Users/badlogic/.m2/repository/org/lwjgl/lwjgl-glfw/3.3.0-SNAPSHOT/lwjgl-glfw-3.3.0-20210307.194250-2.jar:/Users/badlogic/.m2/repository/org/lwjgl/lwjgl-jawt/3.3.0-SNAPSHOT/lwjgl-jawt-3.3.0-20210307.194250-2.jar:/Users/badlogic/.m2/repository/org/lwjgl/lwjgl-jemalloc/3.3.0-SNAPSHOT/lwjgl-jemalloc-3.3.0-20210307.194250-2.jar:/Users/badlogic/.m2/repository/org/lwjgl/lwjgl-libdivide/3.3.0-SNAPSHOT/lwjgl-libdivide-3.3.0-20210307.194250-2.jar:/Users/badlogic/.m2/repository/org/lwjgl/lwjgl-llvm/3.3.0-SNAPSHOT/lwjgl-llvm-3.3.0-20210307.194250-2.jar:/Users/badlogic/.m2/repository/org/lwjgl/lwjgl-lmdb/3.3.0-SNAPSHOT/lwjgl-lmdb-3.3.0-20210307.194250-2.jar:/Users/badlogic/.m2/repository/org/lwjgl/lwjgl-lz4/3.3.0-SNAPSHOT/lwjgl-lz4-3.3.0-20210307.194250-2.jar:/Users/badlogic/.m2/repository/org/lwjgl/lwjgl-meow/3.3.0-SNAPSHOT/lwjgl-meow-3.3.0-20210307.194250-2.jar:/Users/badlogic/.m2/repository/org/lwjgl/lwjgl-meshoptimizer/3.3.0-SNAPSHOT/lwjgl-meshoptimizer-3.3.0-20210307.194250-2.jar:/Users/badlogic/.m2/repository/org/lwjgl/lwjgl-nanovg/3.3.0-SNAPSHOT/lwjgl-nanovg-3.3.0-20210307.194250-2.jar:/Users/badlogic/.m2/repository/org/lwjgl/lwjgl-nfd/3.3.0-SNAPSHOT/lwjgl-nfd-3.3.0-20210307.194250-2.jar:/Users/badlogic/.m2/repository/org/lwjgl/lwjgl-nuklear/3.3.0-SNAPSHOT/lwjgl-nukle
Launcher Type: SUN_STANDARD

[Global flags]
     intx CICompilerCount                          = 4                                         {product} {ergonomic}
     uint ConcGCThreads                            = 2                                         {product} {ergonomic}
     uint G1ConcRefinementThreads                  = 8                                         {product} {ergonomic}
   size_t G1HeapRegionSize                         = 1048576                                   {product} {ergonomic}
    uintx GCDrainStackTargetSize                   = 64                                        {product} {ergonomic}
   size_t InitialHeapSize                          = 134217728                                 {product} {ergonomic}
   size_t MarkStackSize                            = 4194304                                   {product} {ergonomic}
   size_t MaxHeapSize                              = 2147483648                                {product} {ergonomic}
   size_t MaxNewSize                               = 1287651328                                {product} {ergonomic}
   size_t MinHeapDeltaBytes                        = 1048576                                   {product} {ergonomic}
   size_t MinHeapSize                              = 8388608                                   {product} {ergonomic}
    uintx NonNMethodCodeHeapSize                   = 5839564                                {pd product} {ergonomic}
    uintx NonProfiledCodeHeapSize                  = 122909338                              {pd product} {ergonomic}
    uintx ProfiledCodeHeapSize                     = 122909338                              {pd product} {ergonomic}
    uintx ReservedCodeCacheSize                    = 251658240                              {pd product} {ergonomic}
     bool SegmentedCodeCache                       = true                                      {product} {ergonomic}
   size_t SoftMaxHeapSize                          = 2147483648                             {manageable} {ergonomic}
     bool UseCompressedClassPointers               = true                                 {lp64_product} {ergonomic}
     bool UseCompressedOops                        = true                                 {lp64_product} {ergonomic}
     bool UseG1GC                                  = true                                      {product} {ergonomic}
     bool UseNUMA                                  = false                                     {product} {ergonomic}
     bool UseNUMAInterleaving                      = false                                     {product} {ergonomic}

Logging:
Log output configuration:
 #0: stdout all=warning uptime,level,tags
 #1: stderr all=off uptime,level,tags

Environment Variables:
JAVA_HOME=/Library/Java/JavaVirtualMachines/jdk-14-x86/Contents/Home
PATH=/opt/homebrew/bin:/opt/homebrew/sbin:/usr/local/bin:/usr/bin:/bin:/usr/sbin:/sbin:/Library/Apple/usr/bin:/Users/badlogic/tools/maven/bin:/Users/badlogic/tools/proguard/bin:/Users/badlogic/tools/ant/bin
SHELL=/bin/zsh
LC_CTYPE=en_AT.UTF-8

Signal Handlers:
SIGSEGV: [libjvm.dylib+0x921f2c], sa_mask[0]=11111111011111110111111111111111, sa_flags=SA_ONSTACK|SA_RESTART|SA_SIGINFO
SIGBUS: [libjvm.dylib+0x921f2c], sa_mask[0]=11111111011111110111111111111111, sa_flags=SA_RESTART|SA_SIGINFO
SIGFPE: [libjvm.dylib+0x921f2c], sa_mask[0]=11111111011111110111111111111111, sa_flags=SA_RESTART|SA_SIGINFO
SIGPIPE: [libjvm.dylib+0x7137e0], sa_mask[0]=11111111011111110111111111111111, sa_flags=SA_RESTART|SA_SIGINFO
SIGXFSZ: [libjvm.dylib+0x7137e0], sa_mask[0]=11111111011111110111111111111111, sa_flags=SA_RESTART|SA_SIGINFO
SIGILL: [libjvm.dylib+0x921f2c], sa_mask[0]=11111111011111110111111111111111, sa_flags=SA_RESTART|SA_SIGINFO
SIGUSR2: [libjvm.dylib+0x714214], sa_mask[0]=00100000000000000000000000000000, sa_flags=SA_RESTART|SA_SIGINFO
SIGHUP: [libjvm.dylib+0x712858], sa_mask[0]=11111111011111110111111111111111, sa_flags=SA_RESTART|SA_SIGINFO
SIGINT: [libjvm.dylib+0x712858], sa_mask[0]=11111111011111110111111111111111, sa_flags=SA_RESTART|SA_SIGINFO
SIGTERM: [libjvm.dylib+0x712858], sa_mask[0]=11111111011111110111111111111111, sa_flags=SA_RESTART|SA_SIGINFO
SIGQUIT: [libjvm.dylib+0x712858], sa_mask[0]=11111111011111110111111111111111, sa_flags=SA_RESTART|SA_SIGINFO


---------------  S Y S T E M  ---------------

OS:uname: Darwin 20.3.0 Darwin Kernel Version 20.3.0: Thu Jan 21 00:06:51 PST 2021; root:xnu-7195.81.3~1/RELEASE_ARM64_T8101 arm64
OS uptime: 0 days 0:51 hours
rlimit (soft/hard): STACK 8176k/65520k , CORE 0k/infinity , NPROC 1333/2000 , NOFILE 10240/infinity , AS infinity/infinity , CPU infinity/infinity , DATA infinity/infinity , FSIZE infinity/infinity , MEMLOCK infinity/infinity , RSS infinity/infinity
load average: 1.01 1.19 1.54

CPU: total 8 (initial active 8) 0x61:0x0:0x1b588bb3:0, simd, crc, lse

Memory: 16k page, physical 8388608k(307872k free), swap 2097152k(1321216k free)

vm_info: OpenJDK 64-Bit Server VM (15.0.2+7) for bsd-aarch64 JRE (15.0.2+7) (Zulu15.29+15-CA), built on Jan 20 2021 22:04:01 by "zulu_re" with clang Apple LLVM 12.0.0 (clang-1200.0.32.27)

END.
